[cycle=000001] 0x0000  ADDI R1, R1, 5  R1: 0x00000000 -> 0x00000005  R15: 0x00000000 -> 0x00000004
[cycle=000002] 0x0004  ADDI R2, R2, 1  R2: 0x00000000 -> 0x00000001  R15: 0x00000004 -> 0x00000008
[cycle=000003] 0x0008  ADD  R0, R0, R2  R0: 0x00000000 -> 0x00000001  R15: 0x00000008 -> 0x0000000C
[cycle=000004] 0x000C  SUB  R3, R0, R1  R3: 0x00000000 -> 0xFFFFFFFC  R15: 0x0000000C -> 0x00000010  flags: ---- -> -N--
[cycle=000006] 0x0010  BEQ  R5, 0x0018  R15: 0x00000010 -> 0x00000014
[cycle=000008] 0x0014  JMP  0x0008  R15: 0x00000014 -> 0x00000008
[cycle=000009] 0x0008  ADD  R0, R0, R2  R0: 0x00000001 -> 0x00000002  R15: 0x00000008 -> 0x0000000C  flags: -N-- -> ----
[cycle=000010] 0x000C  SUB  R3, R0, R1  R3: 0xFFFFFFFC -> 0xFFFFFFFD  R15: 0x0000000C -> 0x00000010  flags: ---- -> -N--
[cycle=000012] 0x0010  BEQ  R5, 0x0018  R15: 0x00000010 -> 0x00000014
[cycle=000014] 0x0014  JMP  0x0008  R15: 0x00000014 -> 0x00000008
[cycle=000015] 0x0008  ADD  R0, R0, R2  R0: 0x00000002 -> 0x00000003  R15: 0x00000008 -> 0x0000000C  flags: -N-- -> ----
[cycle=000016] 0x000C  SUB  R3, R0, R1  R3: 0xFFFFFFFD -> 0xFFFFFFFE  R15: 0x0000000C -> 0x00000010  flags: ---- -> -N--
[cycle=000018] 0x0010  BEQ  R5, 0x0018  R15: 0x00000010 -> 0x00000014
[cycle=000020] 0x0014  JMP  0x0008  R15: 0x00000014 -> 0x00000008
[cycle=000021] 0x0008  ADD  R0, R0, R2  R0: 0x00000003 -> 0x00000004  R15: 0x00000008 -> 0x0000000C  flags: -N-- -> ----
[cycle=000022] 0x000C  SUB  R3, R0, R1  R3: 0xFFFFFFFE -> 0xFFFFFFFF  R15: 0x0000000C -> 0x00000010  flags: ---- -> -N--
[cycle=000024] 0x0010  BEQ  R5, 0x0018  R15: 0x00000010 -> 0x00000014
[cycle=000026] 0x0014  JMP  0x0008  R15: 0x00000014 -> 0x00000008
[cycle=000027] 0x0008  ADD  R0, R0, R2  R0: 0x00000004 -> 0x00000005  R15: 0x00000008 -> 0x0000000C  flags: -N-- -> ----
[cycle=000028] 0x000C  SUB  R3, R0, R1  R3: 0xFFFFFFFF -> 0x00000000  R15: 0x0000000C -> 0x00000010  flags: ---- -> Z---
[cycle=000030] 0x0010  BEQ  R5, 0x0018  R15: 0x00000010 -> 0x00000018
[cycle=000031] 0x0018  HALT  R15: 0x00000018 -> 0x0000001C
